<?xml version="1.0" encoding="UTF-8"?>
<!-- Generated by org.testng.reporters.JUnitReportReporter -->
<testsuite hostname="Devuser-PC" name="com.gateside.autotesting.generation.unittest.DoubiPayTestCase" tests="1" failures="0" timestamp="29 Jun 2015 05:42:24 GMT" time="8.799" errors="0">
  <testcase name="nihao" time="8.799" classname="com.gateside.autotesting.generation.unittest.DoubiPayTestCase"/>
</testsuite> <!-- com.gateside.autotesting.generation.unittest.DoubiPayTestCase -->
